<?xml version="1.0" encoding="UTF-8" ?>
<testsuite tests="4" failures="1" name="TestSuite" time="26.806" errors="0" skipped="0">
  <properties>
[...]
</properties>
  <testcase classname="org.bank.test.DuplicateEmailAccountsTest" name="avoidDuplicateEmailsTest" time="1.719"/>
  <testcase classname="org.bank.test.EmptyEndpointTest" name="emptyEndpointTest" time="19.962">
    <failure message="Failed to parse the JSON document" type="io.restassured.path.json.exception.JsonPathException">io.restassured.path.json.exception.JsonPathException: Failed to parse the JSON document
	at io.restassured.path.json.JsonPath$ExceptionCatcher.invoke(JsonPath.java:1002)
	at io.restassured.path.json.JsonPath$4.doParseWith(JsonPath.java:967)
	at io.restassured.path.json.JsonPath$JsonParser.parseWith(JsonPath.java:1047)
	at io.restassured.path.json.JsonPath.get(JsonPath.java:202)
	at io.restassured.path.json.JsonPath.getList(JsonPath.java:391)
	at org.bank.test.BaseTest.getAllUsers(BaseTest.java:72)
	at org.bank.test.BaseTest.emptyTheEndpoint(BaseTest.java:86)
	at org.bank.test.EmptyEndpointTest.emptyEndpointTest(EmptyEndpointTest.java:17)
Caused by: groovy.json.JsonException: Lexing failed on line: 1, column: 1, while reading &apos;O&apos;, no possible valid JSON value or punctuation could be recognized.
	at groovy.json.JsonLexer.nextToken(JsonLexer.java:86)
	at groovy.json.JsonLexer$nextToken.call(Unknown Source)
	at io.restassured.internal.path.json.ConfigurableJsonSlurper.parse(ConfigurableJsonSlurper.groovy:97)
	at io.restassured.internal.path.json.ConfigurableJsonSlurper$parse.callCurrent(Unknown Source)
	at io.restassured.internal.path.json.ConfigurableJsonSlurper.parseText(ConfigurableJsonSlurper.groovy:83)
	at io.restassured.path.json.JsonPath$4$1.method(JsonPath.java:965)
	at io.restassured.path.json.JsonPath$ExceptionCatcher.invoke(JsonPath.java:1000)
	... 45 more
</failure>
    <system-out>2022-11-26 21:39:56 INFO  Reporter - ------------ TEST 1 -----------------
2022-11-26 21:39:56 INFO  Reporter - Validate a successful response from the endpoint
2022-11-26 21:39:56 INFO  Reporter - Validate that endpoint is empty - delete existing data
</system-out>
  </testcase>
  <testcase classname="org.bank.test.PostUsersTest" name="createTenUsersTest" time="4.105"/>
  <testcase classname="org.bank.test.UpdateAccountNumberTest" name="updateUserAccountNumberTest" time="1.02"/>
</testsuite>